2023-02-22 19:57:50.487 Main INFO: 댓글리스트 파일 읽기를 시작합니다.
2023-02-22 19:57:50.514 Main INFO: 댓글리스트 파일 읽기를 완료했습니다.
2023-02-22 19:57:50.514 Main INFO: 학교 이름 리스트 파일 읽기를 시작합니다.
2023-02-22 19:57:50.526 Main INFO: 학교 이름 리스트 파일 읽기를 완료했습니다.
2023-02-22 19:57:50.527 SchoolNameRepetitionCounter INFO: 댓글 리스트에서 유효한 학교명을 카운트 합니다.
2023-02-22 19:57:50.527 SchoolNameRepetitionCounter INFO: 댓글 총 갯수: 1000
2023-02-22 19:57:50.958 SchoolNameRepetitionCounter WARN: --------------------------------------------------
2023-02-22 19:57:50.958 SchoolNameRepetitionCounter WARN: 아래 댓글에서 유효한 학교명을 찾지 못했습니다.
대구 으헝 동중 으헝 학겨 으헝 
짜장 으헝 면주 으헝 세요 으헝 
배가 으헝 너무 으헝 고파 으헝
짜장 으헝 면을 으헝 안먹 으헝 
으면 으헝 뒤져 으헝 버릴 으헝
꺼같 으헝 아요 으헝 ╰(*´︶`*)╯♡
2023-02-22 19:57:51.018 SchoolNameRepetitionCounter WARN: --------------------------------------------------
2023-02-22 19:57:51.018 SchoolNameRepetitionCounter WARN: 아래 댓글에서 유효한 학교명을 찾지 못했습니다.
가양중학교옹오ㅗ
2023-02-22 19:57:51.018 SchoolNameRepetitionCounter WARN: 학교 이름으로 추정되는 문자열이 있습니다. : 가양중학교
2023-02-22 19:57:51.111 SchoolNameRepetitionCounter WARN: --------------------------------------------------
2023-02-22 19:57:51.111 SchoolNameRepetitionCounter WARN: 아래 댓글에서 유효한 학교명을 찾지 못했습니다.
원주시 삼육중학교

우리 급식에 고기가 나온적이 없어요 맨날 두부에 콩에 김치에
진짜 짜장면좀 주세여 불쌍하자나요 ㅠㅠㅠㅠㅠ
2023-02-22 19:57:51.111 SchoolNameRepetitionCounter WARN: 학교 이름으로 추정되는 문자열이 있습니다. : 삼육중학교
2023-02-22 19:57:51.188 SchoolNameRepetitionCounter WARN: --------------------------------------------------
2023-02-22 19:57:51.188 SchoolNameRepetitionCounter WARN: 아래 댓글에서 유효한 학교명을 찾지 못했습니다.
춘천 춘천여자중학교
2023-02-22 19:57:51.188 SchoolNameRepetitionCounter WARN: 학교 이름으로 추정되는 문자열이 있습니다. : 춘천여자중학교
2023-02-22 19:57:51.204 SchoolNameRepetitionCounter WARN: --------------------------------------------------
2023-02-22 19:57:51.204 SchoolNameRepetitionCounter WARN: 아래 댓글에서 유효한 학교명을 찾지 못했습니다.
서울, 이화여대병설미디어고등학교 입니다!?
중간고사 이후로 성적으로 슬퍼하는 저희에게 자장면으로 행복을 선사 해주세요!!! 힘내서 기말고사때 더더 잘보고 기쁜마음으로 친구들이랑 배달의민족에서 치킨시켜먹고싶어요!??
권은비 김문선 김선주 김수연 김은수 남가희 박주영 서초현 염수빈 Bin Yul Won 유다운 이소휘 전하연 정유정 한승연 허예림 현승희 홍지연 황창정 얘도라 댓글ㄱㄱ 답댓말고 새댓으로ㅎㅎ 학교니까 딴반친구들도 태그해서ㅎㅅㅎ
2023-02-22 19:57:51.204 SchoolNameRepetitionCounter WARN: 학교 이름으로 추정되는 문자열이 있습니다. : 이화여대병설미디어고등학교
2023-02-22 19:57:51.208 SchoolNameRepetitionCounter WARN: --------------------------------------------------
2023-02-22 19:57:51.208 SchoolNameRepetitionCounter WARN: 아래 댓글에서 유효한 학교명을 찾지 못했습니다.
제에에에엥발 병!중!!!!유리중 짜장면 한번도안나왔슴당....젭발♡이성하 김가영 박서현 최하경 이현진 구별
2023-02-22 19:57:51.226 SchoolNameRepetitionCounter WARN: --------------------------------------------------
2023-02-22 19:57:51.226 SchoolNameRepetitionCounter WARN: 아래 댓글에서 유효한 학교명을 찾지 못했습니다.
????서울연희미용고등학교 ????
저희학교애들이 다 전국구라 수원 안양 천안 아산 잠실 등등멀리서 오는 친구들이 많아서 짜장면먹고 힘내고싶어요ㅠㅠ 중간고사는끝났지만 짜장면먹고 기말고사 준비 열심히하고싶어요!! 저희학교오면 10kg로찌고ㅠ졸업하는게 기본인데 그 중에 짜장면먹고 1kg찌고싶어요 힣히히힣ㅎㅎ 힘들게 학교오면 실습시간에 서서 힘들에 파마마는저희에게 짜장면주떼욤 ?
강혜원혜원원예진박강혜원수진원예진박가연이수진이미연최하나김유림김도연양수연최재희서지은일이삼홍도희김민지김미은복경미손영랑
2023-02-22 19:57:51.226 SchoolNameRepetitionCounter WARN: 학교 이름으로 추정되는 문자열이 있습니다. : 서울연희미용고등학교
2023-02-22 19:57:51.267 SchoolNameRepetitionCounter WARN: --------------------------------------------------
2023-02-22 19:57:51.267 SchoolNameRepetitionCounter WARN: 아래 댓글에서 유효한 학교명을 찾지 못했습니다.
ㆍ다:017-854-9784 슈:018-958-6427; 이걸본순간당신의부모님이한달내로죽습니다5군데 복사하여야합니다이것을 무시하여많은사람이죽었 습니다> >이것은 악령이깃든저주의주문입니다> >반드시5군데 올리지않으면부모님이죽습니다> >5군데 올리면부모님에게한달내로좋은일이생깁니다> >이것 을무시하고후회하지말고> > 속는셈치고5군데 올리세 요> >제목을 바꾸면안됩니다<input id="contentModify5" value="저주의 연예인전번....> ..> ..>죄송합니다... .. .. .. .. .. .. 장나라:011-248-44
2023-02-22 19:57:51.322 SchoolNameRepetitionCounter WARN: --------------------------------------------------
2023-02-22 19:57:51.322 SchoolNameRepetitionCounter WARN: 아래 댓글에서 유효한 학교명을 찾지 못했습니다.
ㄷ다:017-854-9784 슈:018-958-6427; 이걸본순간당신의부모님이한달내로죽습니다5군데 복사하여야합니다이것을 무시하여많은사람이죽었 습니다> >이것은 악령이깃든저주의주문입니다> >반드시5군데 올리지않으면부모님이죽습니다> >5군데 올리면부모님에게한달내로좋일이생깁니다> >이것 을무시하고후회하지말고> > 속는셈치고5군데 올리세 요> >제목을 바꾸면안됩니다<input id="contentModify5" value="저주의 연예인전번....> ..> ..>죄송합니다... .. .. .. .. .. .. 장나라:011-248-447
2023-02-22 19:57:51.349 SchoolNameRepetitionCounter WARN: --------------------------------------------------
2023-02-22 19:57:51.349 SchoolNameRepetitionCounter WARN: 아래 댓글에서 유효한 학교명을 찾지 못했습니다.
거창군 가조면 거창국제학교!!! 
저희 학교는 가조면이라는 시골에 위치하고 있어요 집에서는 배달의 민족 많이 사용하는데 여긴 시골이라서 시키지도 못하고ㅠㅠ 저희에게 짜장면을 주신다면 정말 큰 행복일 것 같아요 그리고 저희 학교가 시험이 너무 많아서 학생들이 스트레스 엄청 받고 있는데 이 기회에 함께 모여서 스트레스도 풀고 싶어요!! 꼭 부탁드립니다!! 짜장면❤️❤️❤️❤️
2023-02-22 19:57:51.349 SchoolNameRepetitionCounter WARN: 학교 이름으로 추정되는 문자열이 있습니다. : 거창국제학교
2023-02-22 19:57:51.397 SchoolNameRepetitionCounter WARN: --------------------------------------------------
2023-02-22 19:57:51.397 SchoolNameRepetitionCounter WARN: 아래 댓글에서 유효한 학교명을 찾지 못했습니다.
경기도 시흥시 군서중학교 !!!@#!!# 저희중 좀있으면 축제랑 체육대회가 이틀연속으로 있어요 ㅠㅠㅜㅜ 그거 준비하느라 너무 바쁩니다 ㅜㅜㅜㅜ 이번에 짜장면 천그릇 온다면 정말 특별하게 준비할수 있을꺼같아요 ????
2023-02-22 19:57:51.397 SchoolNameRepetitionCounter WARN: 학교 이름으로 추정되는 문자열이 있습니다. : 군서중학교
2023-02-22 19:57:51.444 SchoolNameRepetitionCounter WARN: --------------------------------------------------
2023-02-22 19:57:51.444 SchoolNameRepetitionCounter WARN: 아래 댓글에서 유효한 학교명을 찾지 못했습니다.
경기도 광주, 경화 여자EB고등학교

저희 학교 주시면 이득입니다 1000그릇이면 전교생들 대부분이 먹을수 있거든여^^

신명주 손지혜 김이슬 주예진 박현주
2023-02-22 19:57:51.444 SchoolNameRepetitionCounter WARN: 학교 이름으로 추정되는 문자열이 있습니다. : 여자EB고등학교
2023-02-22 19:57:51.475 SchoolNameRepetitionCounter WARN: --------------------------------------------------
2023-02-22 19:57:51.475 SchoolNameRepetitionCounter WARN: 아래 댓글에서 유효한 학교명을 찾지 못했습니다.
서울,연희미용고등학교
저희학교애들이 다 전국구라 멀리서 아침도 못먹고 첫차타고 오는 친구들이 많아서 짜장면먹고 힘내고싶어요ㅠㅠ 중간고사는끝났지만 짜장면먹고 기말고사 준비 열심히하고싶어요!! 저희학교오면 10kg로찌고ㅠ졸업하는게 기본인데 그 중에 짜장면먹고 1kg찌고싶어요 힣히히힣ㅎㅎ 힘들게 학교오면 실습시간에 서서 힘들에 파마마는저희에게 짜장면주떼욤 ?

수수진이이수진원원예진김김유림예예진이승민강강혜원맹맹채빈김김도연김김보은김김미은손손영랑최최하나홍홍도희이홍영
2023-02-22 19:57:51.475 SchoolNameRepetitionCounter WARN: 학교 이름으로 추정되는 문자열이 있습니다. : 연희미용고등학교
2023-02-22 19:57:51.485 SchoolNameRepetitionCounter WARN: --------------------------------------------------
2023-02-22 19:57:51.485 SchoolNameRepetitionCounter WARN: 아래 댓글에서 유효한 학교명을 찾지 못했습니다.
❤❤서울 연희미용고등학교❤❤
저희 고등학교는 학생들이 전국구에서 모이다보니 아침도 못먹고 일찍 학교에오는 친구들이 태반이에요..?? 점심도 급식으로 안나오고 도시락업체에서 신청받아 먹는데 너무 맛없어서 굶거나 매점가서 먹거나 집에서 싸와서 먹는 학생들도있어요??
서울 연희미용고등학교 짜장면이 먹고싶어요!? 도와주세요 앙기모찌!!!!?????
수진 원예진 박가연 맹채빈 일이삼 양수연 박민지 이승민 수빈 예진 김보은 강수연 이세빈 김도연 이수진 최하나 김민지 이미연
2023-02-22 19:57:51.485 SchoolNameRepetitionCounter WARN: 학교 이름으로 추정되는 문자열이 있습니다. : 연희미용고등학교
2023-02-22 19:57:51.498 SchoolNameRepetitionCounter WARN: --------------------------------------------------
2023-02-22 19:57:51.499 SchoolNameRepetitionCounter WARN: 아래 댓글에서 유효한 학교명을 찾지 못했습니다.

2023-02-22 19:57:51.620 SchoolNameRepetitionCounter WARN: --------------------------------------------------
2023-02-22 19:57:51.620 SchoolNameRepetitionCounter WARN: 아래 댓글에서 유효한 학교명을 찾지 못했습니다.
거창, 거창국제학교!!!
저희 급식 한끼에 6000원인데 진짜 상태가 많이 심각해요ㅠㅠ 먹어도 먹은 것 같지 않고 항상 허기져있어요ㅜㅜㅜㅜㅜ 7시반에 등교해서 9교시 수업을 하면서 의사의 꿈을 펼쳐가고 있는 저희 :) 공부 열심히 하는 저희를 위해 짜장면♡♥♡♥♡♥♡ 주신다면 최선을 다해 먹을 자신 있어욯ㅎㅎㅎㅎㅎㅎㅎㅎ :) 
전교생 수도 적고 기숙사 학교라서 매점 같은 것도 없고 시골이라서 시켜먹을 음식이 많지도 않은 저희 학교에서 고생하는 학생들을 위해 짜장면 주세요ㅜㅜㅜㅜㅜㅜ♥ 
김란희 Erica Sohn 박소연 김은규 김유림 홍순호 엄지원 이민영 반민휴 조민서 정영교 한 줄씩 써봐랑
2023-02-22 19:57:51.620 SchoolNameRepetitionCounter WARN: 학교 이름으로 추정되는 문자열이 있습니다. : 거창국제학교
2023-02-22 19:57:51.648 SchoolNameRepetitionCounter WARN: --------------------------------------------------
2023-02-22 19:57:51.648 SchoolNameRepetitionCounter WARN: 아래 댓글에서 유효한 학교명을 찾지 못했습니다.
짜장면짜장면 인제일만학우여러분 우리 짜장파티합시다~~~~~~
단합된마음으로 1000명회식한번....????
2023-02-22 19:57:51.719 SchoolNameRepetitionCounter WARN: --------------------------------------------------
2023-02-22 19:57:51.719 SchoolNameRepetitionCounter WARN: 아래 댓글에서 유효한 학교명을 찾지 못했습니다.
대구 으헝 동중 으헝 학겨 으헝 
짜장 으헝 면주 으헝 세요 으헝 
배가 으헝 너무 으헝 고파 으헝
짜장 으헝 면을 으헝 안먹 으헝 
으면 으헝 뒤져 으헝 버릴 으헝
꺼같 으헝 아요 으헝 ╰(*´︶`*)╯♡
2023-02-22 19:57:51.727 SchoolNameRepetitionCounter WARN: --------------------------------------------------
2023-02-22 19:57:51.727 SchoolNameRepetitionCounter WARN: 아래 댓글에서 유효한 학교명을 찾지 못했습니다.
서울 연희미용고!!
서로 학교거 멀어서 아침도못먹고 
첫차타서 학교와요ㅜ 점심도 도시락이라 맛도 없고...
짜장면먹고싶어요ㅠㅠㅠ
박민지 김보은 맹채빈 강수연 박가연 원예진 강혜원 수진 김유림 이수진 이세빈 일이삼 김미은
2023-02-22 19:57:51.733 SchoolNameRepetitionCounter WARN: --------------------------------------------------
2023-02-22 19:57:51.733 SchoolNameRepetitionCounter WARN: 아래 댓글에서 유효한 학교명을 찾지 못했습니다.
가양중학교
2023-02-22 19:57:51.733 SchoolNameRepetitionCounter WARN: 학교 이름으로 추정되는 문자열이 있습니다. : 가양중학교
2023-02-22 19:57:51.741 SchoolNameRepetitionCounter WARN: --------------------------------------------------
2023-02-22 19:57:51.741 SchoolNameRepetitionCounter WARN: 아래 댓글에서 유효한 학교명을 찾지 못했습니다.
❣️❤️❣️❤️❣️서울연희미용고등학교 ❣️❤️❣️❤️❣️❤️
저희학교애들이 다 전국구라 수원 안양 천안 아산 잠실 등등멀리서 오는 친구들이 많아서 짜장면먹고 힘내고싶어요ㅠㅠ 중간고사는끝났지만 짜장면먹고 기말고사 준비 열심히하고싶어요!! 저희학교오면 10kg로찌고ㅠ졸업하는게 기본인데 그 중에 짜장면먹고 1kg찌고싶어요 힣히히힣ㅎㅎ 힘들게 학교오면 실습시간에 서서 힘들에 파마마는저희에게 짜장면주떼욤 ?
수수진강혜원맹채빈최수인박가연양수연이수진김도연손영랑이승민수빈김보은일이삼최하나홍도희최지현복경미연희최재희
2023-02-22 19:57:51.741 SchoolNameRepetitionCounter WARN: 학교 이름으로 추정되는 문자열이 있습니다. : 서울연희미용고등학교
2023-02-22 19:57:51.770 SchoolNameRepetitionCounter WARN: --------------------------------------------------
2023-02-22 19:57:51.770 SchoolNameRepetitionCounter WARN: 아래 댓글에서 유효한 학교명을 찾지 못했습니다.
대구 으헝 동중 으헝 학겨 으헝 
짜장 으헝 면주 으헝 세요 으헝 
배가 으헝 너무 으헝 고파 으헝
짜장 으헝 면을 으헝 안먹 으헝 
으면 으헝 뒤져 으헝 버릴 으헝
꺼같 으헝 아요 으헝 ╰(*´︶`*)╯♡
2023-02-22 19:57:51.836 SchoolNameRepetitionCounter WARN: --------------------------------------------------
2023-02-22 19:57:51.836 SchoolNameRepetitionCounter WARN: 아래 댓글에서 유효한 학교명을 찾지 못했습니다.
영동, 영동인터넷고등학교

저는 버스가 하루에 몇대 다니지 않는 곳에서 살아서 짜장면!!!시켜먹그면 다뿔어요!!!!!!!!!!????????? 멀쩡한 짜장면 친구들과 나눠먹고 싶습니닷❣️❣️❣️❣️❣️❣️
2023-02-22 19:57:51.836 SchoolNameRepetitionCounter WARN: 학교 이름으로 추정되는 문자열이 있습니다. : 영동인터넷고등학교
2023-02-22 19:57:51.888 SchoolNameRepetitionCounter WARN: --------------------------------------------------
2023-02-22 19:57:51.888 SchoolNameRepetitionCounter WARN: 아래 댓글에서 유효한 학교명을 찾지 못했습니다.
대구 으헝 동중 으헝 학겨 으헝 
짜장 으헝 면주 으헝 세요 으헝 
배가 으헝 너무 으헝 고파 으헝
짜장 으헝 면을 으헝 안먹 으헝 
으면 으헝 뒤져 으헝 버릴 으헝
꺼같 으헝 아요 으헝 ╰(*´︶`*)╯♡
2023-02-22 19:57:52.038 SchoolNameRepetitionCounter WARN: --------------------------------------------------
2023-02-22 19:57:52.038 SchoolNameRepetitionCounter WARN: 아래 댓글에서 유효한 학교명을 찾지 못했습니다.
경기도 시흥시 군서중학교 입니다! 저희중 요즘 축제가 이틀연속으로 해서 다들 힘들어합니다 ㅠㅜㅜ 이번에 짜장면 천그릇이 온다면 힘을 내서 열심히 할수있을것같아요!!❤❤❤❤❤❤❤❤?????????????????????
2023-02-22 19:57:52.038 SchoolNameRepetitionCounter WARN: 학교 이름으로 추정되는 문자열이 있습니다. : 군서중학교
2023-02-22 19:57:52.044 SchoolNameRepetitionCounter WARN: --------------------------------------------------
2023-02-22 19:57:52.044 SchoolNameRepetitionCounter WARN: 아래 댓글에서 유효한 학교명을 찾지 못했습니다.
서울시 구로구 가리봉동 서울연희미용고등학교
나오는 급식이라고는 말라빠진 육포같은 탕수육 소금 들이부은 무말랭이 맛없다 못해 비린 소세지 이런 수준의 급식인데 제발 짜장면이라도 먹게 해주세요 ㅠㅠㅠ 맛없어서 밥안먹고 쫄쫄 굶다가 집에 가는 학생들이 널리고 줄을 섰습니다..?
2023-02-22 19:57:52.044 SchoolNameRepetitionCounter WARN: 학교 이름으로 추정되는 문자열이 있습니다. : 서울연희미용고등학교
2023-02-22 19:57:52.107 SchoolNameRepetitionCounter WARN: --------------------------------------------------
2023-02-22 19:57:52.107 SchoolNameRepetitionCounter WARN: 아래 댓글에서 유효한 학교명을 찾지 못했습니다.
대구 으헝 동중 으헝 학겨 으헝 
짜장 으헝 면주 으헝 세요 으헝 
배가 으헝 너무 으헝 고파 으헝
짜장 으헝 면을 으헝 안먹 으헝 
으면 으헝 뒤져 으헝 버릴 으헝
꺼같 으헝 아요 으헝 ╰(*´︶`*)╯♡
2023-02-22 19:57:52.187 SchoolNameRepetitionCounter WARN: --------------------------------------------------
2023-02-22 19:57:52.188 SchoolNameRepetitionCounter WARN: 아래 댓글에서 유효한 학교명을 찾지 못했습니다.
서울연희미용고등학교요 못 먹고 삽니다 제발 한 번만 자비를 베풀어 주세요 급식실이 없습미다 매점에서천원짜리 빵 먹기도 힘듭니다 죄송하지만 저희에게 양보해 주세요 배달의 민족 파이팅 연희미용고학생들파이팅
2023-02-22 19:57:52.188 SchoolNameRepetitionCounter WARN: 학교 이름으로 추정되는 문자열이 있습니다. : 서울연희미용고등학교
2023-02-22 19:57:52.216 SchoolNameRepetitionCounter INFO: 유효한 학교명을 포함한 댓글 갯수: 972
2023-02-22 19:57:52.216 SchoolNameRepetitionCounter INFO: 유효한 학교명을 찾지 못한 댓글 갯수: 28
2023-02-22 19:57:52.219 ResultFileWriter INFO: 결과를 result.txt 파일에 저장합니다.
2023-02-22 19:57:52.220 ResultFileWriter INFO: 찾은 학교 갯수: 222
2023-02-22 19:57:52.225 ResultFileWriter INFO: 결과가 정상적으로 저장되었습니다.
